<?xml version="1.0" encoding="UTF-8"?>
<testng-results skipped="0" failed="0" ignored="0" total="1" passed="1">
  <reporter-output>
  </reporter-output>
  <suite name="Suite" duration-ms="10939" started-at="2021-02-09T17:17:45Z" finished-at="2021-02-09T17:17:56Z">
    <groups>
    </groups>
    <test name="LoginTest" duration-ms="10939" started-at="2021-02-09T17:17:45Z" finished-at="2021-02-09T17:17:56Z">
      <class name="Tests.LoginTest">
        <test-method status="PASS" signature="beforeTest(java.lang.String, java.lang.String)[pri:0, instance:Tests.LoginTest@105fece7]" name="beforeTest" is-config="true" duration-ms="3640" started-at="2021-02-09T19:17:45Z" finished-at="2021-02-09T19:17:49Z">
          <params>
            <param index="0">
              <value>
                <![CDATA[LoginTest]]>
              </value>
            </param>
            <param index="1">
              <value>
                <![CDATA[firefox]]>
              </value>
            </param>
          </params>
          <reporter-output>
          </reporter-output>
        </test-method> <!-- beforeTest -->
        <test-method status="PASS" signature="loginTest()[pri:0, instance:Tests.LoginTest@105fece7]" name="loginTest" duration-ms="7212" started-at="2021-02-09T19:17:49Z" finished-at="2021-02-09T19:17:56Z">
          <reporter-output>
          </reporter-output>
        </test-method> <!-- loginTest -->
      </class> <!-- Tests.LoginTest -->
    </test> <!-- LoginTest -->
  </suite> <!-- Suite -->
</testng-results>
